# JRE version: OpenJDK Runtime Environment Corretto-11.0.20.8.1 (11.0.20+8) (build 11.0.20+8-LTS)
# Java VM: OpenJDK 64-Bit Server VM Corretto-11.0.20.8.1 (11.0.20+8-LTS, mixed mode, tiered, compressed oops, g1 gc, windows-amd64)
Heap:
 garbage-first heap   total 894976K, used 290303K [0x0000000704000000, 0x0000000800000000)
  region size 1024K, 9 young (9216K), 9 survivors (9216K)
 Metaspace       used 62882K, capacity 65006K, committed 65052K, reserved 1105920K
  class space    used 7976K, capacity 8816K, committed 8832K, reserved 1048576K
GC Heap History (20 events):
Event: 18.306 GC heap after
{Heap after GC invocations=20 (full 0):
 garbage-first heap   total 372736K, used 243579K [0x0000000704000000, 0x0000000800000000)
  region size 1024K, 3 young (3072K), 3 survivors (3072K)
 Metaspace       used 62882K, capacity 65006K, committed 65052K, reserved 1105920K
  class space    used 7976K, capacity 8816K, committed 8832K, reserved 1048576K
}
Event: 18.375 GC heap before
{Heap before GC invocations=20 (full 0):
 garbage-first heap   total 372736K, used 285563K [0x0000000704000000, 0x0000000800000000)
  region size 1024K, 44 young (45056K), 3 survivors (3072K)
 Metaspace       used 62882K, capacity 65006K, committed 65052K, reserved 1105920K
  class space    used 7976K, capacity 8816K, committed 8832K, reserved 1048576K
}
Event: 18.389 GC heap after
{Heap after GC invocations=21 (full 0):
 garbage-first heap   total 372736K, used 264816K [0x0000000704000000, 0x0000000800000000)
  region size 1024K, 6 young (6144K), 6 survivors (6144K)
 Metaspace       used 62882K, capacity 65006K, committed 65052K, reserved 1105920K
  class space    used 7976K, capacity 8816K, committed 8832K, reserved 1048576K
}
Event: 18.445 GC heap before
{Heap before GC invocations=22 (full 0):
 garbage-first heap   total 372736K, used 296560K [0x0000000704000000, 0x0000000800000000)
  region size 1024K, 38 young (38912K), 6 survivors (6144K)
 Metaspace       used 62882K, capacity 65006K, committed 65052K, reserved 1105920K
  class space    used 7976K, capacity 8816K, committed 8832K, reserved 1048576K
}
Event: 18.457 GC heap after
{Heap after GC invocations=23 (full 0):
 garbage-first heap   total 372736K, used 279262K [0x0000000704000000, 0x0000000800000000)
  region size 1024K, 5 young (5120K), 5 survivors (5120K)
 Metaspace       used 62882K, capacity 65006K, committed 65052K, reserved 1105920K
  class space    used 7976K, capacity 8816K, committed 8832K, reserved 1048576K
}
Event: 18.483 GC heap before
{Heap before GC invocations=23 (full 0):
 garbage-first heap   total 372736K, used 292574K [0x0000000704000000, 0x0000000800000000)
  region size 1024K, 18 young (18432K), 5 survivors (5120K)
 Metaspace       used 62882K, capacity 65006K, committed 65052K, reserved 1105920K
  class space    used 7976K, capacity 8816K, committed 8832K, reserved 1048576K
}
Event: 18.495 GC heap after
{Heap after GC invocations=24 (full 0):
 garbage-first heap   total 372736K, used 250860K [0x0000000704000000, 0x0000000800000000)
  region size 1024K, 3 young (3072K), 3 survivors (3072K)
 Metaspace       used 62882K, capacity 65006K, committed 65052K, reserved 1105920K
  class space    used 7976K, capacity 8816K, committed 8832K, reserved 1048576K
}
Event: 18.517 GC heap before
{Heap before GC invocations=24 (full 0):
 garbage-first heap   total 372736K, used 266220K [0x0000000704000000, 0x0000000800000000)
  region size 1024K, 18 young (18432K), 3 survivors (3072K)
 Metaspace       used 62882K, capacity 65006K, committed 65052K, reserved 1105920K
  class space    used 7976K, capacity 8816K, committed 8832K, reserved 1048576K
}
Event: 18.532 GC heap after
{Heap after GC invocations=25 (full 0):
 garbage-first heap   total 372736K, used 228909K [0x0000000704000000, 0x0000000800000000)
  region size 1024K, 3 young (3072K), 3 survivors (3072K)
 Metaspace       used 62882K, capacity 65006K, committed 65052K, reserved 1105920K
  class space    used 7976K, capacity 8816K, committed 8832K, reserved 1048576K
}
Event: 18.556 GC heap before
{Heap before GC invocations=25 (full 0):
 garbage-first heap   total 372736K, used 244269K [0x0000000704000000, 0x0000000800000000)
  region size 1024K, 18 young (18432K), 3 survivors (3072K)
 Metaspace       used 62882K, capacity 65006K, committed 65052K, reserved 1105920K
  class space    used 7976K, capacity 8816K, committed 8832K, reserved 1048576K
}
Event: 18.566 GC heap after
{Heap after GC invocations=26 (full 0):
 garbage-first heap   total 372736K, used 207535K [0x0000000704000000, 0x0000000800000000)
  region size 1024K, 3 young (3072K), 3 survivors (3072K)
 Metaspace       used 62882K, capacity 65006K, committed 65052K, reserved 1105920K
  class space    used 7976K, capacity 8816K, committed 8832K, reserved 1048576K
}
Event: 18.587 GC heap before
{Heap before GC invocations=26 (full 0):
 garbage-first heap   total 372736K, used 222895K [0x0000000704000000, 0x0000000800000000)
  region size 1024K, 18 young (18432K), 3 survivors (3072K)
 Metaspace       used 62882K, capacity 65006K, committed 65052K, reserved 1105920K
  class space    used 7976K, capacity 8816K, committed 8832K, reserved 1048576K
}
Event: 18.599 GC heap after
{Heap after GC invocations=27 (full 0):
 garbage-first heap   total 447488K, used 202091K [0x0000000704000000, 0x0000000800000000)
  region size 1024K, 3 young (3072K), 3 survivors (3072K)
 Metaspace       used 62882K, capacity 65006K, committed 65052K, reserved 1105920K
  class space    used 7976K, capacity 8816K, committed 8832K, reserved 1048576K
}
Event: 18.715 GC heap before
{Heap before GC invocations=27 (full 0):
 garbage-first heap   total 447488K, used 284011K [0x0000000704000000, 0x0000000800000000)
  region size 1024K, 83 young (84992K), 3 survivors (3072K)
 Metaspace       used 62882K, capacity 65006K, committed 65052K, reserved 1105920K
  class space    used 7976K, capacity 8816K, committed 8832K, reserved 1048576K
}
Event: 18.735 GC heap after
{Heap after GC invocations=28 (full 0):
 garbage-first heap   total 447488K, used 243711K [0x0000000704000000, 0x0000000800000000)
  region size 1024K, 11 young (11264K), 11 survivors (11264K)
 Metaspace       used 62882K, capacity 65006K, committed 65052K, reserved 1105920K
  class space    used 7976K, capacity 8816K, committed 8832K, reserved 1048576K
}
Event: 19.626 GC heap before
{Heap before GC invocations=28 (full 0):
 garbage-first heap   total 447488K, used 310271K [0x0000000704000000, 0x0000000800000000)
  region size 1024K, 76 young (77824K), 11 survivors (11264K)
 Metaspace       used 62882K, capacity 65006K, committed 65052K, reserved 1105920K
  class space    used 7976K, capacity 8816K, committed 8832K, reserved 1048576K
}
Event: 19.644 GC heap after
{Heap after GC invocations=29 (full 0):
 garbage-first heap   total 447488K, used 269823K [0x0000000704000000, 0x0000000800000000)
  region size 1024K, 10 young (10240K), 10 survivors (10240K)
 Metaspace       used 62882K, capacity 65006K, committed 65052K, reserved 1105920K
  class space    used 7976K, capacity 8816K, committed 8832K, reserved 1048576K
}
Event: 19.758 GC heap before
{Heap before GC invocations=29 (full 0):
 garbage-first heap   total 447488K, used 300543K [0x0000000704000000, 0x0000000800000000)
  region size 1024K, 68 young (69632K), 10 survivors (10240K)
 Metaspace       used 62882K, capacity 65006K, committed 65052K, reserved 1105920K
  class space    used 7976K, capacity 8816K, committed 8832K, reserved 1048576K
}
Event: 19.772 GC heap after
{Heap after GC invocations=30 (full 0):
 garbage-first heap   total 447488K, used 264703K [0x0000000704000000, 0x0000000800000000)
  region size 1024K, 9 young (9216K), 9 survivors (9216K)
 Metaspace       used 62882K, capacity 65006K, committed 65052K, reserved 1105920K
  class space    used 7976K, capacity 8816K, committed 8832K, reserved 1048576K
}
Event: 19.813 GC heap before
{Heap before GC invocations=30 (full 0):
 garbage-first heap   total 447488K, used 328191K [0x0000000704000000, 0x0000000800000000)
  region size 1024K, 71 young (72704K), 9 survivors (9216K)
 Metaspace       used 62882K, capacity 65006K, committed 65052K, reserved 1105920K
  class space    used 7976K, capacity 8816K, committed 8832K, reserved 1048576K
}

