# JRE version: OpenJDK Runtime Environment Temurin-21.0.5+11 (21.0.5+11) (build 21.0.5+11-LTS)
# Java VM: OpenJDK 64-Bit Server VM Temurin-21.0.5+11 (21.0.5+11-LTS, mixed mode, sharing, tiered, compressed oops, compressed class ptrs, parallel gc, windows-amd64)
GC Precious Log:
 CardTable entry size: 512
 CPUs: 8 total, 8 available
 Memory: 16126M
 Large Page Support: Disabled
 NUMA Support: Disabled
 Compressed Oops: Enabled (32-bit)
 Alignments: Space 512K, Generation 512K, Heap 2M
 Heap Min Capacity: 100M
 Heap Initial Capacity: 100M
 Heap Max Capacity: 1G
 Pre-touch: Disabled
 Parallel Workers: 8
Heap:
 PSYoungGen      total 22528K, used 2630K [0x00000000eab00000, 0x00000000ec300000, 0x0000000100000000)
  eden space 20992K, 5% used [0x00000000eab00000,0x00000000eac39af0,0x00000000ebf80000)
  from space 1536K, 89% used [0x00000000ec180000,0x00000000ec2d8000,0x00000000ec300000)
  to   space 1536K, 0% used [0x00000000ec000000,0x00000000ec000000,0x00000000ec180000)
 ParOldGen       total 68608K, used 37488K [0x00000000c0000000, 0x00000000c4300000, 0x00000000eab00000)
  object space 68608K, 54% used [0x00000000c0000000,0x00000000c249c3d0,0x00000000c4300000)
 Metaspace       used 50525K, committed 51776K, reserved 1114112K
  class space    used 5346K, committed 5888K, reserved 1048576K
GC Heap History (20 events):
Event: 8.961 GC heap before
{Heap before GC invocations=16 (full 2):
 PSYoungGen      total 25600K, used 22016K [0x00000000eab00000, 0x00000000ec700000, 0x0000000100000000)
  eden space 22016K, 100% used [0x00000000eab00000,0x00000000ec080000,0x00000000ec080000)
  from space 3584K, 0% used [0x00000000ec080000,0x00000000ec080000,0x00000000ec400000)
  to   space 1536K, 0% used [0x00000000ec580000,0x00000000ec580000,0x00000000ec700000)
 ParOldGen       total 68608K, used 19175K [0x00000000c0000000, 0x00000000c4300000, 0x00000000eab00000)
  object space 68608K, 27% used [0x00000000c0000000,0x00000000c12b9fb0,0x00000000c4300000)
 Metaspace       used 36456K, committed 37632K, reserved 1114112K
  class space    used 3649K, committed 4160K, reserved 1048576K
}
Event: 8.965 GC heap after
{Heap after GC invocations=16 (full 2):
 PSYoungGen      total 23552K, used 1509K [0x00000000eab00000, 0x00000000ec700000, 0x0000000100000000)
  eden space 22016K, 0% used [0x00000000eab00000,0x00000000eab00000,0x00000000ec080000)
  from space 1536K, 98% used [0x00000000ec580000,0x00000000ec6f96f0,0x00000000ec700000)
  to   space 3072K, 0% used [0x00000000ec100000,0x00000000ec100000,0x00000000ec400000)
 ParOldGen       total 68608K, used 20237K [0x00000000c0000000, 0x00000000c4300000, 0x00000000eab00000)
  object space 68608K, 29% used [0x00000000c0000000,0x00000000c13c34c0,0x00000000c4300000)
 Metaspace       used 36456K, committed 37632K, reserved 1114112K
  class space    used 3649K, committed 4160K, reserved 1048576K
}
Event: 9.636 GC heap before
{Heap before GC invocations=17 (full 2):
 PSYoungGen      total 23552K, used 23499K [0x00000000eab00000, 0x00000000ec700000, 0x0000000100000000)
  eden space 22016K, 99% used [0x00000000eab00000,0x00000000ec079868,0x00000000ec080000)
  from space 1536K, 98% used [0x00000000ec580000,0x00000000ec6f96f0,0x00000000ec700000)
  to   space 3072K, 0% used [0x00000000ec100000,0x00000000ec100000,0x00000000ec400000)
 ParOldGen       total 68608K, used 20237K [0x00000000c0000000, 0x00000000c4300000, 0x00000000eab00000)
  object space 68608K, 29% used [0x00000000c0000000,0x00000000c13c34c0,0x00000000c4300000)
 Metaspace       used 38387K, committed 39552K, reserved 1114112K
  class space    used 3888K, committed 4416K, reserved 1048576K
}
Event: 9.639 GC heap after
{Heap after GC invocations=17 (full 2):
 PSYoungGen      total 25088K, used 3004K [0x00000000eab00000, 0x00000000ec780000, 0x0000000100000000)
  eden space 22016K, 0% used [0x00000000eab00000,0x00000000eab00000,0x00000000ec080000)
  from space 3072K, 97% used [0x00000000ec100000,0x00000000ec3ef3d0,0x00000000ec400000)
  to   space 3584K, 0% used [0x00000000ec400000,0x00000000ec400000,0x00000000ec780000)
 ParOldGen       total 68608K, used 21679K [0x00000000c0000000, 0x00000000c4300000, 0x00000000eab00000)
  object space 68608K, 31% used [0x00000000c0000000,0x00000000c152bc90,0x00000000c4300000)
 Metaspace       used 38387K, committed 39552K, reserved 1114112K
  class space    used 3888K, committed 4416K, reserved 1048576K
}
Event: 9.830 GC heap before
{Heap before GC invocations=18 (full 2):
 PSYoungGen      total 25088K, used 25020K [0x00000000eab00000, 0x00000000ec780000, 0x0000000100000000)
  eden space 22016K, 100% used [0x00000000eab00000,0x00000000ec080000,0x00000000ec080000)
  from space 3072K, 97% used [0x00000000ec100000,0x00000000ec3ef3d0,0x00000000ec400000)
  to   space 3584K, 0% used [0x00000000ec400000,0x00000000ec400000,0x00000000ec780000)
 ParOldGen       total 68608K, used 21679K [0x00000000c0000000, 0x00000000c4300000, 0x00000000eab00000)
  object space 68608K, 31% used [0x00000000c0000000,0x00000000c152bc90,0x00000000c4300000)
 Metaspace       used 39911K, committed 41088K, reserved 1114112K
  class space    used 4069K, committed 4608K, reserved 1048576K
}
Event: 9.832 GC heap after
{Heap after GC invocations=18 (full 2):
 PSYoungGen      total 23552K, used 1309K [0x00000000eab00000, 0x00000000ec580000, 0x0000000100000000)
  eden space 22016K, 0% used [0x00000000eab00000,0x00000000eab00000,0x00000000ec080000)
  from space 1536K, 85% used [0x00000000ec400000,0x00000000ec5474b8,0x00000000ec580000)
  to   space 2048K, 0% used [0x00000000ec180000,0x00000000ec180000,0x00000000ec380000)
 ParOldGen       total 68608K, used 24402K [0x00000000c0000000, 0x00000000c4300000, 0x00000000eab00000)
  object space 68608K, 35% used [0x00000000c0000000,0x00000000c17d4b30,0x00000000c4300000)
 Metaspace       used 39911K, committed 41088K, reserved 1114112K
  class space    used 4069K, committed 4608K, reserved 1048576K
}
Event: 10.113 GC heap before
{Heap before GC invocations=19 (full 2):
 PSYoungGen      total 23552K, used 23325K [0x00000000eab00000, 0x00000000ec580000, 0x0000000100000000)
  eden space 22016K, 100% used [0x00000000eab00000,0x00000000ec080000,0x00000000ec080000)
  from space 1536K, 85% used [0x00000000ec400000,0x00000000ec5474b8,0x00000000ec580000)
  to   space 2048K, 0% used [0x00000000ec180000,0x00000000ec180000,0x00000000ec380000)
 ParOldGen       total 68608K, used 24402K [0x00000000c0000000, 0x00000000c4300000, 0x00000000eab00000)
  object space 68608K, 35% used [0x00000000c0000000,0x00000000c17d4b30,0x00000000c4300000)
 Metaspace       used 41470K, committed 42688K, reserved 1114112K
  class space    used 4258K, committed 4800K, reserved 1048576K
}
Event: 10.116 GC heap after
{Heap after GC invocations=19 (full 2):
 PSYoungGen      total 24064K, used 1558K [0x00000000eab00000, 0x00000000ec480000, 0x0000000100000000)
  eden space 22016K, 0% used [0x00000000eab00000,0x00000000eab00000,0x00000000ec080000)
  from space 2048K, 76% used [0x00000000ec180000,0x00000000ec3059e0,0x00000000ec380000)
  to   space 1024K, 0% used [0x00000000ec380000,0x00000000ec380000,0x00000000ec480000)
 ParOldGen       total 68608K, used 25370K [0x00000000c0000000, 0x00000000c4300000, 0x00000000eab00000)
  object space 68608K, 36% used [0x00000000c0000000,0x00000000c18c6b30,0x00000000c4300000)
 Metaspace       used 41470K, committed 42688K, reserved 1114112K
  class space    used 4258K, committed 4800K, reserved 1048576K
}
Event: 10.367 GC heap before
{Heap before GC invocations=20 (full 2):
 PSYoungGen      total 24064K, used 23574K [0x00000000eab00000, 0x00000000ec480000, 0x0000000100000000)
  eden space 22016K, 100% used [0x00000000eab00000,0x00000000ec080000,0x00000000ec080000)
  from space 2048K, 76% used [0x00000000ec180000,0x00000000ec3059e0,0x00000000ec380000)
  to   space 1024K, 0% used [0x00000000ec380000,0x00000000ec380000,0x00000000ec480000)
 ParOldGen       total 68608K, used 25370K [0x00000000c0000000, 0x00000000c4300000, 0x00000000eab00000)
  object space 68608K, 36% used [0x00000000c0000000,0x00000000c18c6b30,0x00000000c4300000)
 Metaspace       used 43244K, committed 44480K, reserved 1114112K
  class space    used 4472K, committed 4992K, reserved 1048576K
}
Event: 10.370 GC heap after
{Heap after GC invocations=20 (full 2):
 PSYoungGen      total 22528K, used 1020K [0x00000000eab00000, 0x00000000ec780000, 0x0000000100000000)
  eden space 21504K, 0% used [0x00000000eab00000,0x00000000eab00000,0x00000000ec000000)
  from space 1024K, 99% used [0x00000000ec380000,0x00000000ec47f018,0x00000000ec480000)
  to   space 3584K, 0% used [0x00000000ec000000,0x00000000ec000000,0x00000000ec380000)
 ParOldGen       total 68608K, used 27367K [0x00000000c0000000, 0x00000000c4300000, 0x00000000eab00000)
  object space 68608K, 39% used [0x00000000c0000000,0x00000000c1ab9fa0,0x00000000c4300000)
 Metaspace       used 43244K, committed 44480K, reserved 1114112K
  class space    used 4472K, committed 4992K, reserved 1048576K
}
Event: 10.554 GC heap before
{Heap before GC invocations=21 (full 2):
 PSYoungGen      total 22528K, used 22524K [0x00000000eab00000, 0x00000000ec780000, 0x0000000100000000)
  eden space 21504K, 100% used [0x00000000eab00000,0x00000000ec000000,0x00000000ec000000)
  from space 1024K, 99% used [0x00000000ec380000,0x00000000ec47f018,0x00000000ec480000)
  to   space 3584K, 0% used [0x00000000ec000000,0x00000000ec000000,0x00000000ec380000)
 ParOldGen       total 68608K, used 27367K [0x00000000c0000000, 0x00000000c4300000, 0x00000000eab00000)
  object space 68608K, 39% used [0x00000000c0000000,0x00000000c1ab9fa0,0x00000000c4300000)
 Metaspace       used 45163K, committed 46336K, reserved 1114112K
  class space    used 4692K, committed 5184K, reserved 1048576K
}
Event: 10.557 GC heap after
{Heap after GC invocations=21 (full 2):
 PSYoungGen      total 24064K, used 2144K [0x00000000eab00000, 0x00000000ec500000, 0x0000000100000000)
  eden space 21504K, 0% used [0x00000000eab00000,0x00000000eab00000,0x00000000ec000000)
  from space 2560K, 83% used [0x00000000ec000000,0x00000000ec218080,0x00000000ec280000)
  to   space 2560K, 0% used [0x00000000ec280000,0x00000000ec280000,0x00000000ec500000)
 ParOldGen       total 68608K, used 28317K [0x00000000c0000000, 0x00000000c4300000, 0x00000000eab00000)
  object space 68608K, 41% used [0x00000000c0000000,0x00000000c1ba77b8,0x00000000c4300000)
 Metaspace       used 45163K, committed 46336K, reserved 1114112K
  class space    used 4692K, committed 5184K, reserved 1048576K
}
Event: 10.808 GC heap before
{Heap before GC invocations=22 (full 2):
 PSYoungGen      total 24064K, used 23648K [0x00000000eab00000, 0x00000000ec500000, 0x0000000100000000)
  eden space 21504K, 100% used [0x00000000eab00000,0x00000000ec000000,0x00000000ec000000)
  from space 2560K, 83% used [0x00000000ec000000,0x00000000ec218080,0x00000000ec280000)
  to   space 2560K, 0% used [0x00000000ec280000,0x00000000ec280000,0x00000000ec500000)
 ParOldGen       total 68608K, used 28317K [0x00000000c0000000, 0x00000000c4300000, 0x00000000eab00000)
  object space 68608K, 41% used [0x00000000c0000000,0x00000000c1ba77b8,0x00000000c4300000)
 Metaspace       used 46486K, committed 47744K, reserved 1114112K
  class space    used 4875K, committed 5376K, reserved 1048576K
}
Event: 10.812 GC heap after
{Heap after GC invocations=22 (full 2):
 PSYoungGen      total 23552K, used 2536K [0x00000000eab00000, 0x00000000ec600000, 0x0000000100000000)
  eden space 20992K, 0% used [0x00000000eab00000,0x00000000eab00000,0x00000000ebf80000)
  from space 2560K, 99% used [0x00000000ec280000,0x00000000ec4fa018,0x00000000ec500000)
  to   space 3072K, 0% used [0x00000000ebf80000,0x00000000ebf80000,0x00000000ec280000)
 ParOldGen       total 68608K, used 30233K [0x00000000c0000000, 0x00000000c4300000, 0x00000000eab00000)
  object space 68608K, 44% used [0x00000000c0000000,0x00000000c1d86670,0x00000000c4300000)
 Metaspace       used 46486K, committed 47744K, reserved 1114112K
  class space    used 4875K, committed 5376K, reserved 1048576K
}
Event: 11.014 GC heap before
{Heap before GC invocations=23 (full 2):
 PSYoungGen      total 23552K, used 23528K [0x00000000eab00000, 0x00000000ec600000, 0x0000000100000000)
  eden space 20992K, 100% used [0x00000000eab00000,0x00000000ebf80000,0x00000000ebf80000)
  from space 2560K, 99% used [0x00000000ec280000,0x00000000ec4fa018,0x00000000ec500000)
  to   space 3072K, 0% used [0x00000000ebf80000,0x00000000ebf80000,0x00000000ec280000)
 ParOldGen       total 68608K, used 30233K [0x00000000c0000000, 0x00000000c4300000, 0x00000000eab00000)
  object space 68608K, 44% used [0x00000000c0000000,0x00000000c1d86670,0x00000000c4300000)
 Metaspace       used 48518K, committed 49664K, reserved 1114112K
  class space    used 5094K, committed 5568K, reserved 1048576K
}
Event: 11.018 GC heap after
{Heap after GC invocations=23 (full 2):
 PSYoungGen      total 23040K, used 1817K [0x00000000eab00000, 0x00000000ec480000, 0x0000000100000000)
  eden space 20992K, 0% used [0x00000000eab00000,0x00000000eab00000,0x00000000ebf80000)
  from space 2048K, 88% used [0x00000000ebf80000,0x00000000ec1464d8,0x00000000ec180000)
  to   space 2560K, 0% used [0x00000000ec200000,0x00000000ec200000,0x00000000ec480000)
 ParOldGen       total 68608K, used 32657K [0x00000000c0000000, 0x00000000c4300000, 0x00000000eab00000)
  object space 68608K, 47% used [0x00000000c0000000,0x00000000c1fe4498,0x00000000c4300000)
 Metaspace       used 48518K, committed 49664K, reserved 1114112K
  class space    used 5094K, committed 5568K, reserved 1048576K
}
Event: 11.294 GC heap before
{Heap before GC invocations=24 (full 2):
 PSYoungGen      total 23040K, used 22809K [0x00000000eab00000, 0x00000000ec480000, 0x0000000100000000)
  eden space 20992K, 100% used [0x00000000eab00000,0x00000000ebf80000,0x00000000ebf80000)
  from space 2048K, 88% used [0x00000000ebf80000,0x00000000ec1464d8,0x00000000ec180000)
  to   space 2560K, 0% used [0x00000000ec200000,0x00000000ec200000,0x00000000ec480000)
 ParOldGen       total 68608K, used 32657K [0x00000000c0000000, 0x00000000c4300000, 0x00000000eab00000)
  object space 68608K, 47% used [0x00000000c0000000,0x00000000c1fe4498,0x00000000c4300000)
 Metaspace       used 49514K, committed 50688K, reserved 1114112K
  class space    used 5212K, committed 5696K, reserved 1048576K
}
Event: 11.297 GC heap after
{Heap after GC invocations=24 (full 2):
 PSYoungGen      total 23040K, used 1961K [0x00000000eab00000, 0x00000000ec400000, 0x0000000100000000)
  eden space 20992K, 0% used [0x00000000eab00000,0x00000000eab00000,0x00000000ebf80000)
  from space 2048K, 95% used [0x00000000ec200000,0x00000000ec3ea698,0x00000000ec400000)
  to   space 2048K, 0% used [0x00000000ebf80000,0x00000000ebf80000,0x00000000ec180000)
 ParOldGen       total 68608K, used 34199K [0x00000000c0000000, 0x00000000c4300000, 0x00000000eab00000)
  object space 68608K, 49% used [0x00000000c0000000,0x00000000c2165c90,0x00000000c4300000)
 Metaspace       used 49514K, committed 50688K, reserved 1114112K
  class space    used 5212K, committed 5696K, reserved 1048576K
}
Event: 11.571 GC heap before
{Heap before GC invocations=25 (full 2):
 PSYoungGen      total 23040K, used 22953K [0x00000000eab00000, 0x00000000ec400000, 0x0000000100000000)
  eden space 20992K, 100% used [0x00000000eab00000,0x00000000ebf80000,0x00000000ebf80000)
  from space 2048K, 95% used [0x00000000ec200000,0x00000000ec3ea698,0x00000000ec400000)
  to   space 2048K, 0% used [0x00000000ebf80000,0x00000000ebf80000,0x00000000ec180000)
 ParOldGen       total 68608K, used 34199K [0x00000000c0000000, 0x00000000c4300000, 0x00000000eab00000)
  object space 68608K, 49% used [0x00000000c0000000,0x00000000c2165c90,0x00000000c4300000)
 Metaspace       used 49926K, committed 51136K, reserved 1114112K
  class space    used 5284K, committed 5824K, reserved 1048576K
}
Event: 11.575 GC heap after
{Heap after GC invocations=25 (full 2):
 PSYoungGen      total 23040K, used 1696K [0x00000000eab00000, 0x00000000ec380000, 0x0000000100000000)
  eden space 20992K, 0% used [0x00000000eab00000,0x00000000eab00000,0x00000000ebf80000)
  from space 2048K, 82% used [0x00000000ebf80000,0x00000000ec128000,0x00000000ec180000)
  to   space 2048K, 0% used [0x00000000ec180000,0x00000000ec180000,0x00000000ec380000)
 ParOldGen       total 68608K, used 35967K [0x00000000c0000000, 0x00000000c4300000, 0x00000000eab00000)
  object space 68608K, 52% used [0x00000000c0000000,0x00000000c231fe18,0x00000000c4300000)
 Metaspace       used 49926K, committed 51136K, reserved 1114112K
  class space    used 5284K, committed 5824K, reserved 1048576K
}

